<?xml version="1.0" encoding="UTF-8"?>
<testng-results skipped="0" failed="0" ignored="0" total="1" passed="1">
  <reporter-output>
  </reporter-output>
  <suite name="Default suite" duration-ms="21475" started-at="2021-05-23T19:47:12 IST" finished-at="2021-05-23T19:47:33 IST">
    <groups>
    </groups>
    <test name="Default test" duration-ms="21475" started-at="2021-05-23T19:47:12 IST" finished-at="2021-05-23T19:47:33 IST">
      <class name="com.facebook.tests.LoginTest">
        <test-method status="PASS" signature="doLoginTest()[pri:0, instance:com.facebook.tests.LoginTest@2833cc44]" name="doLoginTest" duration-ms="20805" started-at="2021-05-23T19:47:12 IST" finished-at="2021-05-23T19:47:33 IST">
          <reporter-output>
          </reporter-output>
        </test-method> <!-- doLoginTest -->
        <test-method status="PASS" signature="closeLOginPage()[pri:0, instance:com.facebook.tests.LoginTest@2833cc44]" name="closeLOginPage" is-config="true" duration-ms="596" started-at="2021-05-23T19:47:33 IST" finished-at="2021-05-23T19:47:33 IST">
          <reporter-output>
          </reporter-output>
        </test-method> <!-- closeLOginPage -->
      </class> <!-- com.facebook.tests.LoginTest -->
    </test> <!-- Default test -->
  </suite> <!-- Default suite -->
</testng-results>
